<?xml version="1.0" encoding="utf-8"?><testsuites><testsuite errors="0" failures="0" hostname="hansolo" name="pytest" skipped="0" tests="7" time="22.503" timestamp="2020-05-24T14:55:08.902479"><testcase classname="test_submit" file="test_submit.py" line="3" name="test_q1" time="0.001"></testcase><testcase classname="test_submit" file="test_submit.py" line="11" name="test_q2" time="0.002"></testcase><testcase classname="test_submit" file="test_submit.py" line="16" name="test_q3" time="0.001"></testcase><testcase classname="test_submit" file="test_submit.py" line="21" name="test_q4" time="0.014"></testcase><testcase classname="test_submit" file="test_submit.py" line="26" name="test_q5" time="0.003"></testcase><testcase classname="test_submit" file="test_submit.py" line="34" name="test_q6" time="0.398"></testcase><testcase classname="test_submit" file="test_submit.py" line="39" name="test_q7" time="10.302"></testcase></testsuite></testsuites>